<?xml version="1.0" encoding="UTF-8"?>
<testng-results ignored="0" total="1" passed="1" failed="0" skipped="0">
  <reporter-output>
  </reporter-output>
  <suite started-at="2026-03-04T12:47:24 IST" name="Suite" finished-at="2026-03-04T12:47:50 IST" duration-ms="26146">
    <groups>
      <group name="Master">
        <method signature="tc__0001AccountRegistration.verifyaccountregistration()[pri:0, instance:testCases.tc__0001AccountRegistration@4c178a76]" name="verifyaccountregistration" class="testCases.tc__0001AccountRegistration"/>
      </group> <!-- Master -->
      <group name="Sanity">
        <method signature="tc__0001AccountRegistration.verifyaccountregistration()[pri:0, instance:testCases.tc__0001AccountRegistration@4c178a76]" name="verifyaccountregistration" class="testCases.tc__0001AccountRegistration"/>
      </group> <!-- Sanity -->
    </groups>
    <test started-at="2026-03-04T12:47:24 IST" name="AccountRegistrationTest" finished-at="2026-03-04T12:47:50 IST" duration-ms="26146">
      <class name="testCases.tc__0001AccountRegistration">
        <test-method is-config="true" signature="setup(java.lang.String,java.lang.String)[pri:0, instance:testCases.tc__0001AccountRegistration@4c178a76]" started-at="2026-03-04T12:47:24 IST" name="setup" finished-at="2026-03-04T12:47:36 IST" duration-ms="11629" status="PASS">
          <params>
            <param index="0">
              <value>
                <![CDATA[Windows]]>
              </value>
            </param>
            <param index="1">
              <value>
                <![CDATA[Chrome]]>
              </value>
            </param>
          </params>
          <reporter-output>
          </reporter-output>
        </test-method> <!-- setup -->
        <test-method signature="verifyaccountregistration()[pri:0, instance:testCases.tc__0001AccountRegistration@4c178a76]" started-at="2026-03-04T12:47:36 IST" name="verifyaccountregistration" finished-at="2026-03-04T12:47:40 IST" duration-ms="4401" status="PASS">
          <reporter-output>
          </reporter-output>
        </test-method> <!-- verifyaccountregistration -->
        <test-method is-config="true" signature="teardown()[pri:0, instance:testCases.tc__0001AccountRegistration@4c178a76]" started-at="2026-03-04T12:47:40 IST" name="teardown" finished-at="2026-03-04T12:47:50 IST" duration-ms="9812" status="PASS">
          <reporter-output>
          </reporter-output>
        </test-method> <!-- teardown -->
      </class> <!-- testCases.tc__0001AccountRegistration -->
    </test> <!-- AccountRegistrationTest -->
  </suite> <!-- Suite -->
</testng-results>
